<?xml version="1.0" encoding="UTF-8"?>
<!-- Generated by org.testng.reporters.JUnitXMLReporter -->
<testsuite ignored="0" hostname="DESKTOP-0BRG3VJ" failures="0" tests="4" name="Test" time="206.47" errors="0" timestamp="2021-03-25T17:48:18 IST">
  <testcase classname="com.hackathon.pack.Login" name="loginToYatra" time="19.382"/>
  <testcase classname="com.hackathon.pack.CabBooking" name="BookingCabInYatra" time="38.08"/>
  <testcase classname="com.hackathon.pack.HotelBooking" name="BookHotelInYatra" time="54.476"/>
  <testcase classname="com.hackathon.pack.GiftCard" name="GiftCardMakeMyTrip" time="13.276"/>
</testsuite> <!-- Test -->
